SF:lib/services/repos.dart
DA:14,0
DA:15,0
DA:19,0
DA:20,0
DA:21,0
DA:22,0
DA:23,0
DA:25,0
DA:26,0
DA:27,0
DA:53,0
DA:54,0
DA:55,0
DA:57,0
DA:58,0
DA:61,0
DA:64,0
DA:68,0
DA:71,0
DA:74,0
DA:78,0
DA:79,0
DA:80,0
DA:81,0
DA:82,0
DA:83,0
DA:84,0
DA:96,0
DA:101,0
DA:103,0
DA:104,0
DA:105,0
DA:107,0
DA:111,0
DA:113,0
DA:114,0
DA:116,0
DA:120,0
DA:125,0
DA:129,0
DA:131,0
DA:132,0
DA:133,0
DA:134,0
DA:135,0
DA:137,0
DA:141,0
DA:143,0
DA:144,0
DA:145,0
DA:147,0
DA:151,0
DA:156,0
DA:160,0
DA:162,0
DA:164,0
DA:168,0
DA:169,0
DA:170,0
DA:172,0
DA:173,0
DA:174,0
DA:175,0
DA:178,0
DA:182,0
DA:183,0
DA:184,0
DA:187,0
DA:188,0
DA:189,0
DA:190,0
DA:196,0
DA:209,0
DA:219,0
DA:221,0
DA:223,0
DA:227,0
DA:234,0
DA:236,0
DA:237,0
DA:239,0
DA:243,0
DA:245,0
DA:250,0
DA:254,0
DA:256,0
DA:257,0
DA:258,0
DA:261,0
DA:265,0
DA:267,0
DA:268,0
DA:271,0
DA:272,0
DA:274,0
DA:278,0
DA:283,0
DA:284,0
DA:285,0
DA:286,0
DA:288,0
DA:289,0
DA:290,0
DA:292,0
DA:294,0
LF:105
LH:0
end_of_record
SF:lib/blocs/auth_bloc.dart
DA:12,1
DA:13,0
DA:14,2
DA:17,1
DA:18,1
DA:19,2
DA:20,3
DA:21,1
DA:22,2
DA:24,3
DA:26,0
DA:27,0
DA:29,0
DA:30,0
DA:33,1
DA:34,2
DA:36,2
DA:39,1
DA:40,4
DA:41,3
DA:42,1
DA:43,3
DA:44,2
DA:45,1
DA:46,4
DA:48,0
DA:49,0
DA:56,2
DA:57,0
DA:58,0
DA:64,0
DA:71,2
DA:72,0
DA:73,0
DA:74,0
DA:75,0
DA:80,1
DA:81,0
DA:82,0
DA:83,0
DA:84,0
DA:89,0
DA:90,0
DA:91,0
DA:92,0
DA:93,0
DA:98,1
DA:99,1
DA:108,1
DA:109,1
DA:110,2
DA:111,0
DA:112,0
DA:117,2
DA:118,1
DA:119,2
DA:120,0
DA:122,0
DA:123,0
DA:128,5
DA:129,1
DA:130,2
DA:131,0
DA:133,0
DA:134,0
LF:65
LH:34
end_of_record
SF:lib/blocs/changePw_bloc.dart
DA:10,2
DA:11,0
DA:12,4
DA:15,2
DA:16,2
DA:17,4
DA:18,6
DA:19,2
DA:20,2
DA:21,2
DA:22,2
DA:23,0
DA:25,4
DA:32,2
DA:33,0
DA:34,0
DA:42,2
DA:48,0
DA:49,0
DA:54,2
DA:56,1
DA:57,1
DA:69,0
DA:71,0
DA:72,0
DA:74,0
DA:75,0
LF:27
LH:16
end_of_record
SF:lib/forms/cart_form.dart
DA:10,1
DA:12,1
DA:13,1
DA:14,1
DA:15,1
DA:16,1
DA:17,1
DA:18,0
DA:21,1
DA:22,1
DA:23,1
DA:24,1
DA:25,1
DA:27,1
DA:30,1
DA:31,1
DA:40,1
DA:42,1
DA:43,1
DA:44,1
DA:45,1
DA:46,1
DA:47,1
DA:48,2
DA:49,2
DA:50,2
DA:51,2
DA:53,2
DA:54,4
DA:55,3
DA:56,4
DA:57,4
DA:58,2
DA:59,4
DA:61,1
DA:64,0
DA:65,0
DA:66,0
DA:69,0
DA:76,1
DA:79,4
DA:83,1
DA:85,1
DA:86,2
DA:87,1
DA:88,0
DA:89,0
DA:90,0
DA:91,0
DA:93,2
DA:94,1
DA:95,3
DA:96,3
DA:98,1
DA:99,1
DA:100,2
DA:101,0
DA:103,1
DA:104,0
DA:105,0
DA:107,1
DA:108,1
DA:109,2
DA:110,3
DA:112,1
DA:115,1
DA:117,3
DA:119,1
DA:121,1
DA:122,2
DA:124,1
DA:129,1
DA:130,0
DA:131,1
DA:133,1
DA:134,2
DA:139,0
LF:77
LH:63
end_of_record
SF:lib/forms/home_form.dart
DA:12,2
DA:14,1
DA:16,1
DA:17,2
DA:25,2
DA:26,1
DA:27,2
DA:38,1
DA:40,1
DA:42,3
DA:43,1
DA:44,0
DA:46,1
DA:49,1
DA:51,2
DA:52,1
DA:53,0
DA:56,0
DA:57,0
DA:58,0
DA:59,0
DA:60,0
DA:61,0
DA:65,1
DA:66,3
DA:67,2
DA:68,1
DA:69,0
DA:70,1
DA:71,0
DA:72,0
DA:73,0
DA:74,0
DA:75,0
DA:76,0
DA:77,0
DA:81,1
DA:82,4
DA:83,1
DA:85,1
DA:86,1
DA:87,1
DA:88,1
DA:89,0
DA:90,0
DA:94,1
DA:95,4
DA:96,3
DA:97,3
DA:98,3
DA:101,1
DA:102,1
DA:103,4
DA:104,3
DA:105,1
DA:106,1
DA:107,1
DA:109,0
DA:111,2
DA:112,1
DA:113,1
DA:115,0
DA:116,0
DA:117,0
DA:119,0
DA:122,0
DA:126,2
DA:127,0
DA:128,0
DA:130,0
DA:131,0
DA:132,0
DA:133,0
DA:134,0
DA:135,0
DA:140,1
DA:141,1
DA:142,2
DA:143,1
DA:144,1
DA:147,0
DA:152,1
DA:153,1
DA:156,1
DA:158,1
DA:160,2
DA:161,1
DA:162,2
DA:163,2
DA:164,1
DA:165,0
DA:166,0
DA:167,1
DA:168,1
DA:172,1
DA:173,1
DA:177,1
DA:180,1
DA:181,1
DA:183,1
DA:190,2
DA:191,2
DA:192,1
DA:201,1
DA:203,1
DA:204,5
DA:205,1
DA:206,3
DA:207,1
DA:208,1
DA:209,2
DA:210,0
DA:211,0
DA:212,0
DA:218,1
DA:219,1
DA:220,1
DA:221,1
DA:223,1
DA:224,1
DA:226,1
DA:227,1
DA:228,1
DA:229,1
DA:230,1
DA:233,2
DA:234,1
DA:235,1
DA:237,1
DA:239,1
DA:240,1
DA:241,1
DA:242,1
DA:243,2
DA:244,2
DA:246,1
DA:248,1
DA:249,1
DA:250,2
DA:252,1
DA:253,2
DA:258,2
DA:259,1
DA:260,4
DA:261,1
DA:266,1
DA:267,1
DA:268,0
DA:269,0
DA:270,1
DA:273,1
DA:274,1
DA:275,1
DA:276,2
DA:277,1
DA:278,1
DA:282,1
DA:284,4
DA:285,1
DA:290,1
DA:292,1
DA:293,1
DA:296,1
DA:309,1
DA:310,3
DA:311,1
DA:313,1
DA:316,1
DA:317,1
DA:318,1
DA:319,1
DA:321,1
DA:322,1
DA:323,1
DA:324,1
DA:325,1
LF:176
LH:136
end_of_record
SF:lib/forms/product_form.dart
DA:10,0
DA:11,0
DA:12,0
DA:22,0
DA:24,0
DA:26,0
DA:27,0
DA:28,0
DA:29,0
DA:30,0
DA:31,0
DA:32,0
DA:33,0
DA:37,0
DA:38,0
DA:39,0
DA:40,0
DA:41,0
DA:42,0
DA:44,0
DA:51,0
DA:52,0
DA:53,0
DA:54,0
DA:55,0
DA:57,0
DA:58,0
DA:62,0
DA:63,0
DA:64,0
DA:65,0
DA:66,0
DA:67,0
DA:69,0
DA:73,0
DA:74,0
DA:75,0
DA:76,0
DA:79,0
DA:84,0
DA:94,0
DA:96,0
DA:99,0
DA:100,0
DA:101,0
DA:102,0
DA:103,0
DA:111,0
DA:113,0
DA:115,0
DA:121,0
DA:123,0
DA:124,0
DA:127,0
DA:130,0
DA:136,0
DA:137,0
DA:140,0
DA:141,0
DA:142,0
DA:143,0
DA:146,0
DA:147,0
DA:148,0
DA:149,0
DA:150,0
DA:151,0
DA:154,0
DA:155,0
DA:156,0
DA:160,0
DA:161,0
DA:162,0
DA:163,0
DA:164,0
DA:165,0
DA:168,0
DA:169,0
DA:170,0
DA:182,0
DA:183,0
DA:184,0
DA:185,0
DA:187,0
DA:188,0
DA:189,0
DA:190,0
DA:191,0
DA:194,0
DA:195,0
DA:198,0
DA:199,0
DA:202,0
DA:204,0
DA:205,0
DA:206,0
DA:207,0
DA:208,0
DA:209,0
DA:211,0
DA:212,0
DA:213,0
DA:217,0
DA:218,0
DA:219,0
DA:220,0
DA:224,0
DA:225,0
DA:226,0
DA:227,0
DA:228,0
DA:229,0
DA:230,0
DA:232,0
DA:233,0
DA:235,0
DA:239,0
DA:240,0
DA:241,0
DA:248,0
LF:120
LH:0
end_of_record
SF:lib/forms/about_form.dart
DA:7,0
DA:9,0
DA:10,0
DA:11,0
DA:56,0
DA:59,0
DA:60,0
DA:65,0
DA:68,0
DA:69,0
LF:10
LH:0
end_of_record
SF:lib/forms/splash_form.dart
DA:4,0
DA:6,0
DA:7,0
DA:8,0
LF:4
LH:0
end_of_record
SF:lib/forms/login_form.dart
DA:15,3
DA:20,2
DA:21,8
DA:26,2
DA:27,2
DA:29,2
DA:30,0
DA:31,0
DA:34,2
DA:35,2
DA:36,5
DA:37,0
DA:39,0
DA:40,0
DA:41,0
DA:42,0
DA:43,2
DA:44,2
DA:45,2
DA:46,0
DA:49,2
DA:50,6
DA:51,2
DA:52,8
DA:53,5
DA:61,2
DA:62,2
DA:63,4
DA:75,2
DA:77,2
DA:79,6
DA:80,2
DA:81,4
DA:83,2
DA:86,2
DA:88,2
DA:89,4
DA:90,0
DA:93,2
DA:94,2
DA:95,2
DA:96,2
DA:97,2
DA:98,2
DA:99,0
DA:100,0
DA:101,0
DA:102,0
DA:103,0
DA:104,0
DA:109,4
DA:110,6
DA:111,2
DA:112,2
DA:115,2
DA:116,1
DA:118,2
DA:119,2
DA:120,4
DA:122,2
DA:123,0
DA:124,0
DA:126,2
DA:127,0
DA:128,0
DA:132,4
DA:133,6
DA:134,4
DA:135,2
DA:136,0
DA:137,2
DA:138,8
DA:139,2
DA:140,2
DA:141,2
DA:142,2
DA:143,1
DA:144,0
DA:145,2
DA:146,1
DA:147,3
DA:148,1
DA:149,1
DA:151,1
DA:152,1
DA:153,1
DA:154,1
DA:155,1
DA:156,1
DA:158,1
DA:159,0
DA:160,2
DA:161,1
DA:165,1
DA:166,1
DA:167,1
DA:168,1
DA:173,1
DA:174,1
DA:175,1
DA:176,1
DA:178,3
DA:179,1
DA:180,2
DA:183,1
DA:184,0
DA:185,0
DA:192,1
DA:194,1
DA:195,1
DA:196,1
DA:198,1
DA:199,1
DA:204,1
DA:205,1
DA:206,1
DA:207,1
DA:208,1
DA:213,1
DA:214,1
DA:216,1
DA:217,0
DA:218,0
DA:219,0
DA:222,2
DA:227,1
DA:228,1
DA:229,1
DA:230,1
DA:231,3
DA:232,1
DA:233,2
DA:234,1
DA:236,1
DA:237,1
DA:238,1
DA:240,1
DA:241,1
DA:242,1
DA:243,1
DA:244,1
DA:245,2
DA:246,2
DA:248,1
DA:249,1
DA:250,1
DA:251,0
DA:252,0
DA:255,1
DA:256,1
DA:257,1
DA:258,1
DA:260,2
DA:262,3
DA:265,3
DA:267,0
DA:268,0
DA:269,0
DA:271,0
DA:275,1
DA:276,1
DA:277,0
DA:284,2
DA:291,1
DA:292,1
DA:296,1
DA:297,1
DA:298,1
DA:299,2
DA:300,1
DA:303,2
DA:304,1
DA:305,1
DA:308,1
DA:309,0
DA:313,1
DA:314,1
DA:315,1
DA:316,0
DA:317,0
DA:320,1
DA:321,1
DA:322,0
DA:323,0
LF:184
LH:145
end_of_record
SF:lib/forms/register_form.dart
DA:12,4
DA:14,2
DA:16,2
DA:17,2
DA:18,2
DA:19,2
DA:20,4
DA:22,0
DA:24,0
DA:25,0
DA:26,0
DA:28,2
DA:29,2
DA:30,2
DA:31,0
DA:34,2
DA:35,2
DA:36,4
DA:37,4
DA:38,4
DA:39,4
DA:40,4
DA:49,2
DA:50,2
DA:51,4
DA:59,2
DA:61,2
DA:63,2
DA:64,10
DA:65,2
DA:66,2
DA:68,2
DA:69,2
DA:70,2
DA:71,2
DA:72,2
DA:73,2
DA:74,2
DA:75,2
DA:76,2
DA:77,2
DA:78,2
DA:79,2
DA:81,2
DA:82,1
DA:84,2
DA:85,0
DA:87,0
DA:91,4
DA:92,6
DA:93,4
DA:94,0
DA:95,2
DA:96,2
DA:97,10
DA:98,4
DA:99,2
DA:100,2
DA:102,2
DA:103,2
DA:104,4
DA:105,2
DA:106,2
DA:107,2
DA:108,2
DA:110,1
DA:111,1
DA:116,2
DA:117,2
DA:118,2
DA:119,2
DA:121,1
DA:122,1
DA:127,2
DA:128,2
DA:130,2
DA:133,2
DA:134,2
DA:135,2
DA:137,2
DA:139,1
DA:140,1
DA:142,1
DA:144,1
DA:150,2
DA:152,4
DA:153,0
DA:154,4
DA:155,2
DA:156,2
DA:157,2
DA:158,2
DA:159,6
DA:160,0
DA:162,0
DA:163,0
DA:164,0
DA:165,0
DA:166,0
DA:167,0
DA:168,0
DA:169,0
DA:170,0
DA:172,0
DA:173,0
DA:174,0
DA:175,0
DA:180,2
DA:181,2
DA:182,4
DA:184,4
DA:185,2
DA:186,2
DA:187,2
DA:189,2
DA:191,1
DA:192,1
DA:197,2
DA:198,2
DA:201,2
DA:202,2
DA:203,2
DA:204,2
DA:209,2
DA:210,2
DA:211,2
DA:212,2
DA:214,2
DA:216,2
DA:217,6
DA:218,2
DA:221,2
DA:222,0
DA:223,0
DA:230,2
DA:231,2
DA:232,2
DA:233,2
DA:235,1
DA:237,1
DA:238,2
DA:239,1
DA:240,1
DA:241,3
DA:242,1
DA:243,1
DA:244,1
DA:245,1
DA:246,1
DA:248,1
DA:249,1
DA:250,1
DA:257,6
LF:153
LH:128
end_of_record
SF:lib/forms/changePw_form.dart
DA:10,1
DA:18,1
DA:19,1
DA:21,1
DA:22,1
DA:23,1
DA:24,1
DA:25,1
DA:26,1
DA:27,0
DA:28,0
DA:31,1
DA:32,1
DA:33,2
DA:35,1
DA:36,2
DA:37,2
DA:48,1
DA:49,1
DA:50,1
DA:52,3
DA:64,1
DA:66,1
DA:68,1
DA:69,1
DA:70,1
DA:71,0
DA:72,0
DA:73,0
DA:78,1
DA:79,2
DA:82,2
DA:83,1
DA:84,1
DA:85,1
DA:87,1
DA:88,1
DA:89,2
DA:90,1
DA:91,1
DA:92,1
DA:93,1
DA:94,3
DA:95,1
DA:96,1
DA:97,1
DA:99,1
DA:100,1
DA:101,1
DA:105,1
DA:106,0
DA:107,0
DA:108,0
DA:111,2
DA:116,1
DA:117,1
DA:119,1
DA:121,1
DA:126,1
DA:127,1
DA:128,1
DA:129,1
DA:130,1
DA:133,1
DA:134,0
DA:135,0
DA:136,0
DA:139,2
DA:144,1
DA:145,1
DA:146,1
DA:148,3
DA:153,1
DA:154,1
DA:155,1
DA:156,1
DA:157,3
DA:158,1
DA:159,2
DA:160,1
DA:161,1
DA:162,1
DA:163,2
LF:83
LH:72
end_of_record
SF:lib/forms/undefined_form.dart
DA:5,0
DA:6,0
DA:8,0
DA:9,0
DA:10,0
LF:5
LH:0
end_of_record
SF:lib/helper_functions.dart
DA:5,3
DA:6,3
DA:7,3
DA:8,3
DA:9,3
DA:10,3
DA:12,3
DA:13,6
LF:8
LH:8
end_of_record
SF:lib/router.dart
DA:6,2
DA:7,2
DA:8,8
DA:9,2
DA:10,2
DA:11,0
DA:12,0
DA:13,2
DA:14,0
DA:15,0
DA:16,2
DA:17,1
DA:18,3
DA:19,1
DA:20,1
DA:21,3
DA:22,0
DA:23,0
DA:24,0
DA:25,0
DA:26,0
DA:28,0
DA:29,0
LF:23
LH:12
end_of_record
SF:lib/blocs/cart_bloc.dart
DA:13,3
DA:16,1
DA:17,1
DA:18,2
DA:19,1
DA:20,2
DA:21,1
DA:22,2
DA:23,4
DA:24,2
DA:25,3
DA:26,2
DA:27,2
DA:29,0
DA:33,1
DA:34,2
DA:35,3
DA:36,1
DA:37,2
DA:40,0
DA:41,0
DA:43,0
DA:44,0
DA:45,0
DA:47,0
DA:48,0
DA:51,2
DA:55,1
DA:56,1
DA:57,1
DA:58,4
DA:59,4
DA:60,1
DA:61,0
DA:63,3
DA:71,2
DA:72,0
DA:73,0
DA:80,1
DA:81,0
DA:82,0
DA:87,2
DA:88,0
DA:89,0
DA:95,2
DA:96,1
DA:97,1
DA:106,2
DA:107,1
DA:108,4
DA:110,1
DA:111,7
DA:115,1
DA:116,2
DA:117,0
DA:119,0
DA:120,0
DA:127,1
DA:128,3
DA:129,0
DA:134,1
DA:135,1
DA:136,2
LF:63
LH:44
end_of_record
SF:lib/blocs/catalog_bloc.dart
DA:11,3
DA:14,1
DA:15,1
DA:17,2
DA:18,3
DA:19,0
DA:21,0
DA:23,0
DA:24,3
DA:25,3
DA:26,2
DA:32,2
DA:34,3
DA:35,1
DA:36,2
DA:38,0
DA:47,1
DA:48,0
DA:49,0
DA:53,0
DA:59,2
DA:60,1
DA:61,1
DA:71,2
DA:73,1
DA:74,2
DA:75,0
DA:77,0
DA:78,0
DA:79,0
DA:85,1
DA:87,1
DA:88,1
DA:90,0
DA:91,0
LF:35
LH:22
end_of_record
SF:lib/blocs/register_bloc.dart
DA:11,3
DA:13,0
DA:14,6
DA:17,3
DA:18,3
DA:19,3
DA:20,9
DA:21,6
DA:22,3
DA:24,9
DA:25,3
DA:26,6
DA:27,3
DA:29,2
DA:31,0
DA:33,0
DA:34,0
DA:35,0
DA:36,0
DA:38,0
DA:42,0
DA:43,0
DA:44,0
DA:46,2
DA:47,2
DA:48,3
DA:49,1
DA:50,1
DA:51,1
DA:52,1
DA:53,1
DA:54,3
DA:55,2
DA:57,2
DA:59,2
DA:60,4
DA:61,6
DA:62,2
DA:63,2
DA:64,2
DA:65,2
DA:66,2
DA:67,2
DA:68,3
DA:69,2
DA:71,2
DA:80,3
DA:81,0
DA:82,0
DA:89,3
DA:90,0
DA:91,0
DA:93,0
DA:94,0
DA:103,1
DA:110,0
DA:111,0
DA:113,0
DA:115,0
DA:116,0
DA:126,2
DA:134,0
DA:135,0
DA:137,0
DA:139,0
DA:145,3
DA:146,1
DA:147,1
DA:159,3
DA:161,1
DA:162,2
DA:164,0
DA:166,0
DA:167,0
DA:177,2
DA:179,1
DA:180,2
DA:182,1
DA:183,2
LF:79
LH:51
end_of_record
SF:lib/blocs/login_bloc.dart
DA:11,3
DA:13,0
DA:14,6
DA:17,3
DA:18,3
DA:19,4
DA:20,2
DA:22,6
DA:23,2
DA:24,2
DA:25,1
DA:26,1
DA:29,2
DA:33,0
DA:34,0
DA:35,0
DA:38,3
DA:39,4
DA:40,6
DA:41,2
DA:42,2
DA:43,2
DA:45,2
DA:46,2
DA:47,2
DA:48,4
DA:50,4
DA:58,3
DA:59,0
DA:60,0
DA:67,2
DA:68,0
DA:69,0
DA:71,0
DA:73,0
DA:81,2
DA:87,0
DA:88,0
DA:93,3
DA:94,1
DA:95,1
DA:106,1
DA:107,0
DA:108,0
DA:109,0
DA:110,0
DA:111,0
DA:117,1
DA:118,1
DA:119,2
DA:120,0
DA:121,0
DA:126,1
DA:127,1
DA:128,2
DA:129,0
DA:130,0
DA:137,3
DA:138,1
DA:139,2
DA:140,0
DA:141,0
LF:62
LH:39
end_of_record
SF:lib/models/authenticate.dart
DA:9,8
DA:10,16
DA:12,3
DA:20,8
DA:27,16
DA:28,8
DA:29,8
DA:30,16
DA:31,16
DA:34,2
DA:35,1
DA:36,1
DA:37,2
DA:38,2
LF:14
LH:14
end_of_record
SF:lib/models/user.dart
DA:7,0
DA:9,0
DA:25,8
DA:40,16
DA:41,8
DA:42,8
DA:43,8
DA:44,8
DA:45,8
DA:46,8
DA:47,8
DA:48,32
DA:49,8
DA:50,8
DA:51,8
DA:52,8
DA:55,2
DA:56,1
DA:57,1
DA:58,1
DA:59,1
DA:60,1
DA:61,1
DA:62,1
DA:63,4
DA:64,1
DA:65,1
DA:66,1
DA:67,1
LF:29
LH:27
end_of_record
SF:lib/models/company.dart
DA:7,0
DA:9,0
DA:20,9
DA:30,18
DA:31,9
DA:32,9
DA:33,9
DA:34,9
DA:35,9
DA:36,9
DA:37,9
DA:40,2
DA:41,1
DA:42,1
DA:43,1
DA:44,1
DA:45,1
DA:46,1
DA:47,1
LF:19
LH:17
end_of_record
SF:lib/models/companies.dart
DA:8,3
DA:10,0
DA:13,1
DA:19,2
DA:20,1
DA:21,5
DA:24,0
DA:25,0
DA:27,0
LF:9
LH:5
end_of_record
SF:lib/models/product.dart
DA:9,0
DA:11,0
DA:21,3
DA:30,6
DA:31,3
DA:32,3
DA:33,3
DA:34,6
DA:35,3
DA:36,12
DA:37,12
DA:38,0
DA:40,0
DA:41,0
DA:42,0
DA:43,0
DA:44,0
DA:45,0
DA:46,0
DA:49,0
DA:51,0
DA:52,0
DA:53,0
LF:23
LH:9
end_of_record
SF:lib/models/category.dart
DA:9,0
DA:11,0
DA:20,3
DA:28,6
DA:29,3
DA:30,3
DA:31,3
DA:32,3
DA:33,12
DA:34,12
DA:35,0
DA:37,0
DA:38,0
DA:39,0
DA:40,0
DA:41,0
DA:42,0
DA:45,0
DA:47,0
LF:19
LH:8
end_of_record
SF:lib/models/catalog.dart
DA:8,9
DA:10,0
DA:17,3
DA:23,0
DA:24,0
DA:25,0
DA:27,0
DA:28,0
DA:29,0
DA:31,6
DA:32,6
DA:33,3
DA:34,12
DA:35,3
DA:36,12
DA:39,0
DA:40,0
DA:41,0
DA:42,0
LF:19
LH:8
end_of_record
SF:lib/models/order.dart
DA:7,3
DA:9,0
DA:12,2
DA:46,2
DA:47,1
DA:48,1
DA:49,1
DA:50,1
DA:51,1
DA:52,1
DA:53,1
DA:54,1
DA:55,1
DA:56,1
DA:57,2
DA:58,1
DA:59,1
DA:60,1
DA:61,4
DA:64,0
DA:65,0
DA:66,0
DA:67,0
DA:68,0
DA:69,0
DA:70,0
DA:71,0
DA:72,0
DA:73,0
DA:74,0
DA:75,0
DA:76,0
DA:77,0
DA:78,0
DA:79,0
DA:84,2
DA:98,2
DA:99,1
DA:100,1
DA:101,1
DA:102,2
DA:103,2
DA:105,0
DA:106,0
DA:107,0
DA:108,0
DA:109,0
DA:110,0
LF:48
LH:25
end_of_record
SF:lib/models/orders.dart
DA:8,0
DA:10,0
DA:13,0
DA:19,0
DA:20,0
DA:23,0
DA:24,0
LF:7
LH:0
end_of_record
SF:lib/models/currencyList.dart
DA:7,3
DA:9,0
DA:12,1
DA:18,2
DA:19,4
DA:22,0
DA:23,0
LF:7
LH:4
end_of_record
